[0.078s] DEBUG:colcon:Command line arguments: ['/usr/bin/colcon', 'build']
[0.078s] DEBUG:colcon:Parsed command line arguments: Namespace(log_base=None, log_level=None, verb_name='build', build_base='build', install_base='install', merge_install=False, symlink_install=False, test_result_base=None, continue_on_error=False, executor='parallel', parallel_workers=8, event_handlers=None, ignore_user_meta=False, metas=['./colcon.meta'], base_paths=['.'], packages_ignore=None, packages_ignore_regex=None, paths=None, packages_up_to=None, packages_up_to_regex=None, packages_above=None, packages_above_and_dependencies=None, packages_above_depth=None, packages_select_by_dep=None, packages_skip_by_dep=None, packages_skip_up_to=None, packages_select_build_failed=False, packages_skip_build_finished=False, packages_select_test_failures=False, packages_skip_test_passed=False, packages_select=None, packages_skip=None, packages_select_regex=None, packages_skip_regex=None, packages_start=None, packages_end=None, allow_overriding=[], cmake_args=None, cmake_target=None, cmake_target_skip_unavailable=False, cmake_clean_cache=False, cmake_clean_first=False, cmake_force_configure=False, ament_cmake_args=None, catkin_cmake_args=None, catkin_skip_building_tests=False, mixin_files=None, mixin=None, verb_parser=<colcon_mixin.mixin.mixin_argument.MixinArgumentDecorator object at 0x772b95c6ac20>, verb_extension=<colcon_core.verb.build.BuildVerb object at 0x772b95de7790>, main=<bound method BuildVerb.main of <colcon_core.verb.build.BuildVerb object at 0x772b95de7790>>, mixin_verb=('build',))
[0.199s] Level 1:colcon.colcon_core.package_discovery:discover_packages(colcon_meta) check parameters
[0.199s] Level 1:colcon.colcon_core.package_discovery:discover_packages(recursive) check parameters
[0.199s] Level 1:colcon.colcon_core.package_discovery:discover_packages(ignore) check parameters
[0.199s] Level 1:colcon.colcon_core.package_discovery:discover_packages(path) check parameters
[0.199s] Level 1:colcon.colcon_core.package_discovery:discover_packages(colcon_meta) discover
[0.199s] Level 1:colcon.colcon_core.package_discovery:discover_packages(recursive) discover
[0.199s] INFO:colcon.colcon_core.package_discovery:Crawling recursively for packages in '/home/grant/git/RS2/motion/testmotion/src'
[0.199s] Level 1:colcon.colcon_core.package_identification:_identify(.) by extensions ['ignore', 'ignore_ament_install']
[0.199s] Level 1:colcon.colcon_core.package_identification:_identify(.) by extension 'ignore'
[0.200s] Level 1:colcon.colcon_core.package_identification:_identify(.) by extension 'ignore_ament_install'
[0.200s] Level 1:colcon.colcon_core.package_identification:_identify(.) by extensions ['colcon_pkg']
[0.200s] Level 1:colcon.colcon_core.package_identification:_identify(.) by extension 'colcon_pkg'
[0.200s] Level 1:colcon.colcon_core.package_identification:_identify(.) by extensions ['colcon_meta']
[0.200s] Level 1:colcon.colcon_core.package_identification:_identify(.) by extension 'colcon_meta'
[0.200s] Level 1:colcon.colcon_core.package_identification:_identify(.) by extensions ['ros']
[0.200s] Level 1:colcon.colcon_core.package_identification:_identify(.) by extension 'ros'
[0.208s] Level 1:colcon.colcon_core.package_identification:_identify(.) by extensions ['cmake', 'python']
[0.208s] Level 1:colcon.colcon_core.package_identification:_identify(.) by extension 'cmake'
[0.208s] Level 1:colcon.colcon_core.package_identification:_identify(.) by extension 'python'
[0.208s] Level 1:colcon.colcon_core.package_identification:_identify(.) by extensions ['python_setup_py']
[0.208s] Level 1:colcon.colcon_core.package_identification:_identify(.) by extension 'python_setup_py'
[0.208s] Level 1:colcon.colcon_core.package_identification:_identify(ROS-TCP-Endpoint-main-ros2) by extensions ['ignore', 'ignore_ament_install']
[0.208s] Level 1:colcon.colcon_core.package_identification:_identify(ROS-TCP-Endpoint-main-ros2) by extension 'ignore'
[0.208s] Level 1:colcon.colcon_core.package_identification:_identify(ROS-TCP-Endpoint-main-ros2) by extension 'ignore_ament_install'
[0.208s] Level 1:colcon.colcon_core.package_identification:_identify(ROS-TCP-Endpoint-main-ros2) by extensions ['colcon_pkg']
[0.208s] Level 1:colcon.colcon_core.package_identification:_identify(ROS-TCP-Endpoint-main-ros2) by extension 'colcon_pkg'
[0.208s] Level 1:colcon.colcon_core.package_identification:_identify(ROS-TCP-Endpoint-main-ros2) by extensions ['colcon_meta']
[0.208s] Level 1:colcon.colcon_core.package_identification:_identify(ROS-TCP-Endpoint-main-ros2) by extension 'colcon_meta'
[0.208s] Level 1:colcon.colcon_core.package_identification:_identify(ROS-TCP-Endpoint-main-ros2) by extensions ['ros']
[0.208s] Level 1:colcon.colcon_core.package_identification:_identify(ROS-TCP-Endpoint-main-ros2) by extension 'ros'
[0.210s] DEBUG:colcon.colcon_core.package_identification:Package 'ROS-TCP-Endpoint-main-ros2' with type 'ros.ament_python' and name 'ros_tcp_endpoint'
[0.210s] Level 1:colcon.colcon_core.package_identification:_identify(build) by extensions ['ignore', 'ignore_ament_install']
[0.210s] Level 1:colcon.colcon_core.package_identification:_identify(build) by extension 'ignore'
[0.210s] Level 1:colcon.colcon_core.package_identification:_identify(build) ignored
[0.210s] Level 1:colcon.colcon_core.package_identification:_identify(hello_moveit) by extensions ['ignore', 'ignore_ament_install']
[0.210s] Level 1:colcon.colcon_core.package_identification:_identify(hello_moveit) by extension 'ignore'
[0.210s] Level 1:colcon.colcon_core.package_identification:_identify(hello_moveit) by extension 'ignore_ament_install'
[0.210s] Level 1:colcon.colcon_core.package_identification:_identify(hello_moveit) by extensions ['colcon_pkg']
[0.210s] Level 1:colcon.colcon_core.package_identification:_identify(hello_moveit) by extension 'colcon_pkg'
[0.210s] Level 1:colcon.colcon_core.package_identification:_identify(hello_moveit) by extensions ['colcon_meta']
[0.210s] Level 1:colcon.colcon_core.package_identification:_identify(hello_moveit) by extension 'colcon_meta'
[0.210s] Level 1:colcon.colcon_core.package_identification:_identify(hello_moveit) by extensions ['ros']
[0.210s] Level 1:colcon.colcon_core.package_identification:_identify(hello_moveit) by extension 'ros'
[0.211s] DEBUG:colcon.colcon_core.package_identification:Package 'hello_moveit' with type 'ros.ament_cmake' and name 'hello_moveit'
[0.211s] Level 1:colcon.colcon_core.package_identification:_identify(install) by extensions ['ignore', 'ignore_ament_install']
[0.211s] Level 1:colcon.colcon_core.package_identification:_identify(install) by extension 'ignore'
[0.211s] Level 1:colcon.colcon_core.package_identification:_identify(install) ignored
[0.211s] Level 1:colcon.colcon_core.package_identification:_identify(log) by extensions ['ignore', 'ignore_ament_install']
[0.211s] Level 1:colcon.colcon_core.package_identification:_identify(log) by extension 'ignore'
[0.211s] Level 1:colcon.colcon_core.package_identification:_identify(log) ignored
[0.211s] Level 1:colcon.colcon_core.package_discovery:discover_packages(recursive) using defaults
[0.211s] Level 1:colcon.colcon_core.package_discovery:discover_packages(ignore) discover
[0.211s] Level 1:colcon.colcon_core.package_discovery:discover_packages(ignore) using defaults
[0.211s] Level 1:colcon.colcon_core.package_discovery:discover_packages(path) discover
[0.211s] Level 1:colcon.colcon_core.package_discovery:discover_packages(path) using defaults
[0.232s] Level 1:colcon.colcon_core.package_discovery:discover_packages(prefix_path) check parameters
[0.233s] Level 1:colcon.colcon_core.package_discovery:discover_packages(prefix_path) discover
[0.234s] DEBUG:colcon.colcon_installed_package_information.package_discovery:Found 1 installed packages in /home/grant/rs2_ros2_ws/motion_test/install
[0.235s] DEBUG:colcon.colcon_installed_package_information.package_discovery:Found 447 installed packages in /opt/ros/humble
[0.236s] Level 1:colcon.colcon_core.package_discovery:discover_packages(prefix_path) using defaults
[0.272s] Level 5:colcon.colcon_core.verb:set package 'hello_moveit' build argument 'cmake_args' from command line to 'None'
[0.272s] Level 5:colcon.colcon_core.verb:set package 'hello_moveit' build argument 'cmake_target' from command line to 'None'
[0.272s] Level 5:colcon.colcon_core.verb:set package 'hello_moveit' build argument 'cmake_target_skip_unavailable' from command line to 'False'
[0.272s] Level 5:colcon.colcon_core.verb:set package 'hello_moveit' build argument 'cmake_clean_cache' from command line to 'False'
[0.272s] Level 5:colcon.colcon_core.verb:set package 'hello_moveit' build argument 'cmake_clean_first' from command line to 'False'
[0.272s] Level 5:colcon.colcon_core.verb:set package 'hello_moveit' build argument 'cmake_force_configure' from command line to 'False'
[0.272s] Level 5:colcon.colcon_core.verb:set package 'hello_moveit' build argument 'ament_cmake_args' from command line to 'None'
[0.272s] Level 5:colcon.colcon_core.verb:set package 'hello_moveit' build argument 'catkin_cmake_args' from command line to 'None'
[0.272s] Level 5:colcon.colcon_core.verb:set package 'hello_moveit' build argument 'catkin_skip_building_tests' from command line to 'False'
[0.272s] DEBUG:colcon.colcon_core.verb:Building package 'hello_moveit' with the following arguments: {'ament_cmake_args': None, 'build_base': '/home/grant/git/RS2/motion/testmotion/src/build/hello_moveit', 'catkin_cmake_args': None, 'catkin_skip_building_tests': False, 'cmake_args': None, 'cmake_clean_cache': False, 'cmake_clean_first': False, 'cmake_force_configure': False, 'cmake_target': None, 'cmake_target_skip_unavailable': False, 'install_base': '/home/grant/git/RS2/motion/testmotion/src/install/hello_moveit', 'merge_install': False, 'path': '/home/grant/git/RS2/motion/testmotion/src/hello_moveit', 'symlink_install': False, 'test_result_base': None}
[0.272s] Level 5:colcon.colcon_core.verb:set package 'ros_tcp_endpoint' build argument 'cmake_args' from command line to 'None'
[0.272s] Level 5:colcon.colcon_core.verb:set package 'ros_tcp_endpoint' build argument 'cmake_target' from command line to 'None'
[0.272s] Level 5:colcon.colcon_core.verb:set package 'ros_tcp_endpoint' build argument 'cmake_target_skip_unavailable' from command line to 'False'
[0.272s] Level 5:colcon.colcon_core.verb:set package 'ros_tcp_endpoint' build argument 'cmake_clean_cache' from command line to 'False'
[0.272s] Level 5:colcon.colcon_core.verb:set package 'ros_tcp_endpoint' build argument 'cmake_clean_first' from command line to 'False'
[0.272s] Level 5:colcon.colcon_core.verb:set package 'ros_tcp_endpoint' build argument 'cmake_force_configure' from command line to 'False'
[0.272s] Level 5:colcon.colcon_core.verb:set package 'ros_tcp_endpoint' build argument 'ament_cmake_args' from command line to 'None'
[0.272s] Level 5:colcon.colcon_core.verb:set package 'ros_tcp_endpoint' build argument 'catkin_cmake_args' from command line to 'None'
[0.272s] Level 5:colcon.colcon_core.verb:set package 'ros_tcp_endpoint' build argument 'catkin_skip_building_tests' from command line to 'False'
[0.272s] DEBUG:colcon.colcon_core.verb:Building package 'ros_tcp_endpoint' with the following arguments: {'ament_cmake_args': None, 'build_base': '/home/grant/git/RS2/motion/testmotion/src/build/ros_tcp_endpoint', 'catkin_cmake_args': None, 'catkin_skip_building_tests': False, 'cmake_args': None, 'cmake_clean_cache': False, 'cmake_clean_first': False, 'cmake_force_configure': False, 'cmake_target': None, 'cmake_target_skip_unavailable': False, 'install_base': '/home/grant/git/RS2/motion/testmotion/src/install/ros_tcp_endpoint', 'merge_install': False, 'path': '/home/grant/git/RS2/motion/testmotion/src/ROS-TCP-Endpoint-main-ros2', 'symlink_install': False, 'test_result_base': None}
[0.272s] INFO:colcon.colcon_core.executor:Executing jobs using 'parallel' executor
[0.273s] DEBUG:colcon.colcon_parallel_executor.executor.parallel:run_until_complete
[0.273s] INFO:colcon.colcon_ros.task.ament_cmake.build:Building ROS package in '/home/grant/git/RS2/motion/testmotion/src/hello_moveit' with build type 'ament_cmake'
[0.273s] INFO:colcon.colcon_cmake.task.cmake.build:Building CMake package in '/home/grant/git/RS2/motion/testmotion/src/hello_moveit'
[0.275s] INFO:colcon.colcon_core.plugin_system:Skipping extension 'colcon_core.shell.bat': Not used on non-Windows systems
[0.275s] INFO:colcon.colcon_core.shell:Skip shell extension 'powershell' for command environment: Not usable outside of PowerShell
[0.275s] DEBUG:colcon.colcon_core.shell:Skip shell extension 'dsv' for command environment
[0.278s] INFO:colcon.colcon_ros.task.ament_python.build:Building ROS package in '/home/grant/git/RS2/motion/testmotion/src/ROS-TCP-Endpoint-main-ros2' with build type 'ament_python'
[0.278s] Level 1:colcon.colcon_core.shell:create_environment_hook('ros_tcp_endpoint', 'ament_prefix_path')
[0.278s] INFO:colcon.colcon_core.shell:Creating environment hook '/home/grant/git/RS2/motion/testmotion/src/install/ros_tcp_endpoint/share/ros_tcp_endpoint/hook/ament_prefix_path.ps1'
[0.278s] INFO:colcon.colcon_core.shell:Creating environment descriptor '/home/grant/git/RS2/motion/testmotion/src/install/ros_tcp_endpoint/share/ros_tcp_endpoint/hook/ament_prefix_path.dsv'
[0.279s] INFO:colcon.colcon_core.shell:Creating environment hook '/home/grant/git/RS2/motion/testmotion/src/install/ros_tcp_endpoint/share/ros_tcp_endpoint/hook/ament_prefix_path.sh'
[0.279s] INFO:colcon.colcon_core.shell:Skip shell extension 'powershell' for command environment: Not usable outside of PowerShell
[0.279s] DEBUG:colcon.colcon_core.shell:Skip shell extension 'dsv' for command environment
[0.284s] DEBUG:colcon.colcon_core.event_handler.log_command:Invoking command in '/home/grant/git/RS2/motion/testmotion/src/build/hello_moveit': CMAKE_PREFIX_PATH=${CMAKE_PREFIX_PATH}:/opt/ros/humble /usr/bin/cmake --build /home/grant/git/RS2/motion/testmotion/src/build/hello_moveit -- -j8 -l8
[0.473s] INFO:colcon.colcon_core.task.python.build:Building Python package in '/home/grant/git/RS2/motion/testmotion/src/ROS-TCP-Endpoint-main-ros2'
[0.473s] INFO:colcon.colcon_core.shell:Skip shell extension 'powershell' for command environment: Not usable outside of PowerShell
[0.473s] DEBUG:colcon.colcon_core.shell:Skip shell extension 'dsv' for command environment
[0.477s] DEBUG:colcon.colcon_core.event_handler.log_command:Invoked command in '/home/grant/git/RS2/motion/testmotion/src/build/hello_moveit' returned '0': CMAKE_PREFIX_PATH=${CMAKE_PREFIX_PATH}:/opt/ros/humble /usr/bin/cmake --build /home/grant/git/RS2/motion/testmotion/src/build/hello_moveit -- -j8 -l8
[0.484s] DEBUG:colcon.colcon_core.event_handler.log_command:Invoking command in '/home/grant/git/RS2/motion/testmotion/src/build/hello_moveit': CMAKE_PREFIX_PATH=${CMAKE_PREFIX_PATH}:/opt/ros/humble /usr/bin/cmake --install /home/grant/git/RS2/motion/testmotion/src/build/hello_moveit
[0.492s] Level 1:colcon.colcon_core.environment:create_environment_scripts_only(hello_moveit)
[0.492s] DEBUG:colcon.colcon_core.event_handler.log_command:Invoked command in '/home/grant/git/RS2/motion/testmotion/src/build/hello_moveit' returned '0': CMAKE_PREFIX_PATH=${CMAKE_PREFIX_PATH}:/opt/ros/humble /usr/bin/cmake --install /home/grant/git/RS2/motion/testmotion/src/build/hello_moveit
[0.493s] Level 1:colcon.colcon_core.environment:checking '/home/grant/git/RS2/motion/testmotion/src/install/hello_moveit' for CMake module files
[0.494s] Level 1:colcon.colcon_core.environment:checking '/home/grant/git/RS2/motion/testmotion/src/install/hello_moveit' for CMake config files
[0.494s] Level 1:colcon.colcon_core.shell:create_environment_hook('hello_moveit', 'cmake_prefix_path')
[0.494s] INFO:colcon.colcon_core.shell:Creating environment hook '/home/grant/git/RS2/motion/testmotion/src/install/hello_moveit/share/hello_moveit/hook/cmake_prefix_path.ps1'
[0.494s] INFO:colcon.colcon_core.shell:Creating environment descriptor '/home/grant/git/RS2/motion/testmotion/src/install/hello_moveit/share/hello_moveit/hook/cmake_prefix_path.dsv'
[0.495s] INFO:colcon.colcon_core.shell:Creating environment hook '/home/grant/git/RS2/motion/testmotion/src/install/hello_moveit/share/hello_moveit/hook/cmake_prefix_path.sh'
[0.495s] Level 1:colcon.colcon_core.environment:checking '/home/grant/git/RS2/motion/testmotion/src/install/hello_moveit/lib'
[0.495s] Level 1:colcon.colcon_core.environment:checking '/home/grant/git/RS2/motion/testmotion/src/install/hello_moveit/bin'
[0.495s] Level 1:colcon.colcon_core.environment:checking '/home/grant/git/RS2/motion/testmotion/src/install/hello_moveit/lib/pkgconfig/hello_moveit.pc'
[0.495s] Level 1:colcon.colcon_core.environment:checking '/home/grant/git/RS2/motion/testmotion/src/install/hello_moveit/lib/python3.10/site-packages'
[0.496s] Level 1:colcon.colcon_core.environment:checking '/home/grant/git/RS2/motion/testmotion/src/install/hello_moveit/bin'
[0.496s] INFO:colcon.colcon_core.shell:Creating package script '/home/grant/git/RS2/motion/testmotion/src/install/hello_moveit/share/hello_moveit/package.ps1'
[0.497s] INFO:colcon.colcon_core.shell:Creating package descriptor '/home/grant/git/RS2/motion/testmotion/src/install/hello_moveit/share/hello_moveit/package.dsv'
[0.497s] INFO:colcon.colcon_core.shell:Creating package script '/home/grant/git/RS2/motion/testmotion/src/install/hello_moveit/share/hello_moveit/package.sh'
[0.497s] INFO:colcon.colcon_core.shell:Creating package script '/home/grant/git/RS2/motion/testmotion/src/install/hello_moveit/share/hello_moveit/package.bash'
[0.498s] INFO:colcon.colcon_core.shell:Creating package script '/home/grant/git/RS2/motion/testmotion/src/install/hello_moveit/share/hello_moveit/package.zsh'
[0.498s] Level 1:colcon.colcon_core.environment:create_file_with_runtime_dependencies(/home/grant/git/RS2/motion/testmotion/src/install/hello_moveit/share/colcon-core/packages/hello_moveit)
[0.499s] Level 1:colcon.colcon_core.environment:create_environment_scripts_only(hello_moveit)
[0.499s] Level 1:colcon.colcon_core.environment:checking '/home/grant/git/RS2/motion/testmotion/src/install/hello_moveit' for CMake module files
[0.499s] Level 1:colcon.colcon_core.environment:checking '/home/grant/git/RS2/motion/testmotion/src/install/hello_moveit' for CMake config files
[0.499s] Level 1:colcon.colcon_core.shell:create_environment_hook('hello_moveit', 'cmake_prefix_path')
[0.499s] INFO:colcon.colcon_core.shell:Creating environment hook '/home/grant/git/RS2/motion/testmotion/src/install/hello_moveit/share/hello_moveit/hook/cmake_prefix_path.ps1'
[0.500s] INFO:colcon.colcon_core.shell:Creating environment descriptor '/home/grant/git/RS2/motion/testmotion/src/install/hello_moveit/share/hello_moveit/hook/cmake_prefix_path.dsv'
[0.500s] INFO:colcon.colcon_core.shell:Creating environment hook '/home/grant/git/RS2/motion/testmotion/src/install/hello_moveit/share/hello_moveit/hook/cmake_prefix_path.sh'
[0.500s] Level 1:colcon.colcon_core.environment:checking '/home/grant/git/RS2/motion/testmotion/src/install/hello_moveit/lib'
[0.500s] Level 1:colcon.colcon_core.environment:checking '/home/grant/git/RS2/motion/testmotion/src/install/hello_moveit/bin'
[0.500s] Level 1:colcon.colcon_core.environment:checking '/home/grant/git/RS2/motion/testmotion/src/install/hello_moveit/lib/pkgconfig/hello_moveit.pc'
[0.500s] Level 1:colcon.colcon_core.environment:checking '/home/grant/git/RS2/motion/testmotion/src/install/hello_moveit/lib/python3.10/site-packages'
[0.501s] Level 1:colcon.colcon_core.environment:checking '/home/grant/git/RS2/motion/testmotion/src/install/hello_moveit/bin'
[0.501s] INFO:colcon.colcon_core.shell:Creating package script '/home/grant/git/RS2/motion/testmotion/src/install/hello_moveit/share/hello_moveit/package.ps1'
[0.501s] INFO:colcon.colcon_core.shell:Creating package descriptor '/home/grant/git/RS2/motion/testmotion/src/install/hello_moveit/share/hello_moveit/package.dsv'
[0.502s] INFO:colcon.colcon_core.shell:Creating package script '/home/grant/git/RS2/motion/testmotion/src/install/hello_moveit/share/hello_moveit/package.sh'
[0.502s] INFO:colcon.colcon_core.shell:Creating package script '/home/grant/git/RS2/motion/testmotion/src/install/hello_moveit/share/hello_moveit/package.bash'
[0.502s] INFO:colcon.colcon_core.shell:Creating package script '/home/grant/git/RS2/motion/testmotion/src/install/hello_moveit/share/hello_moveit/package.zsh'
[0.502s] Level 1:colcon.colcon_core.environment:create_file_with_runtime_dependencies(/home/grant/git/RS2/motion/testmotion/src/install/hello_moveit/share/colcon-core/packages/hello_moveit)
[0.744s] DEBUG:colcon.colcon_core.event_handler.log_command:Invoking command in '/home/grant/git/RS2/motion/testmotion/src/ROS-TCP-Endpoint-main-ros2': PYTHONPATH=/home/grant/git/RS2/motion/testmotion/src/build/ros_tcp_endpoint/prefix_override:/usr/lib/python3/dist-packages/colcon_core/task/python/colcon_distutils_commands:/home/grant/git/RS2/motion/testmotion/src/install/ros_tcp_endpoint/lib/python3.10/site-packages:${PYTHONPATH} /usr/bin/python3 -W ignore:setup.py install is deprecated -W ignore:easy_install command is deprecated setup.py egg_info --egg-base ../build/ros_tcp_endpoint build --build-base /home/grant/git/RS2/motion/testmotion/src/build/ros_tcp_endpoint/build install --record /home/grant/git/RS2/motion/testmotion/src/build/ros_tcp_endpoint/install.log --install-scripts $base/lib/ros_tcp_endpoint --single-version-externally-managed install_data
[0.950s] Level 1:colcon.colcon_core.environment:checking '/home/grant/git/RS2/motion/testmotion/src/install/ros_tcp_endpoint' for CMake module files
[0.951s] DEBUG:colcon.colcon_core.event_handler.log_command:Invoked command in '/home/grant/git/RS2/motion/testmotion/src/ROS-TCP-Endpoint-main-ros2' returned '0': PYTHONPATH=/home/grant/git/RS2/motion/testmotion/src/build/ros_tcp_endpoint/prefix_override:/usr/lib/python3/dist-packages/colcon_core/task/python/colcon_distutils_commands:/home/grant/git/RS2/motion/testmotion/src/install/ros_tcp_endpoint/lib/python3.10/site-packages:${PYTHONPATH} /usr/bin/python3 -W ignore:setup.py install is deprecated -W ignore:easy_install command is deprecated setup.py egg_info --egg-base ../build/ros_tcp_endpoint build --build-base /home/grant/git/RS2/motion/testmotion/src/build/ros_tcp_endpoint/build install --record /home/grant/git/RS2/motion/testmotion/src/build/ros_tcp_endpoint/install.log --install-scripts $base/lib/ros_tcp_endpoint --single-version-externally-managed install_data
[0.951s] Level 1:colcon.colcon_core.environment:checking '/home/grant/git/RS2/motion/testmotion/src/install/ros_tcp_endpoint' for CMake config files
[0.951s] Level 1:colcon.colcon_core.environment:checking '/home/grant/git/RS2/motion/testmotion/src/install/ros_tcp_endpoint/lib'
[0.951s] Level 1:colcon.colcon_core.environment:checking '/home/grant/git/RS2/motion/testmotion/src/install/ros_tcp_endpoint/bin'
[0.951s] Level 1:colcon.colcon_core.environment:checking '/home/grant/git/RS2/motion/testmotion/src/install/ros_tcp_endpoint/lib/pkgconfig/ros_tcp_endpoint.pc'
[0.952s] Level 1:colcon.colcon_core.environment:checking '/home/grant/git/RS2/motion/testmotion/src/install/ros_tcp_endpoint/lib/python3.10/site-packages'
[0.952s] Level 1:colcon.colcon_core.shell:create_environment_hook('ros_tcp_endpoint', 'pythonpath')
[0.952s] INFO:colcon.colcon_core.shell:Creating environment hook '/home/grant/git/RS2/motion/testmotion/src/install/ros_tcp_endpoint/share/ros_tcp_endpoint/hook/pythonpath.ps1'
[0.952s] INFO:colcon.colcon_core.shell:Creating environment descriptor '/home/grant/git/RS2/motion/testmotion/src/install/ros_tcp_endpoint/share/ros_tcp_endpoint/hook/pythonpath.dsv'
[0.952s] INFO:colcon.colcon_core.shell:Creating environment hook '/home/grant/git/RS2/motion/testmotion/src/install/ros_tcp_endpoint/share/ros_tcp_endpoint/hook/pythonpath.sh'
[0.953s] Level 1:colcon.colcon_core.environment:checking '/home/grant/git/RS2/motion/testmotion/src/install/ros_tcp_endpoint/bin'
[0.953s] Level 1:colcon.colcon_core.environment:create_environment_scripts_only(ros_tcp_endpoint)
[0.953s] INFO:colcon.colcon_core.shell:Creating package script '/home/grant/git/RS2/motion/testmotion/src/install/ros_tcp_endpoint/share/ros_tcp_endpoint/package.ps1'
[0.953s] INFO:colcon.colcon_core.shell:Creating package descriptor '/home/grant/git/RS2/motion/testmotion/src/install/ros_tcp_endpoint/share/ros_tcp_endpoint/package.dsv'
[0.954s] INFO:colcon.colcon_core.shell:Creating package script '/home/grant/git/RS2/motion/testmotion/src/install/ros_tcp_endpoint/share/ros_tcp_endpoint/package.sh'
[0.954s] INFO:colcon.colcon_core.shell:Creating package script '/home/grant/git/RS2/motion/testmotion/src/install/ros_tcp_endpoint/share/ros_tcp_endpoint/package.bash'
[0.954s] INFO:colcon.colcon_core.shell:Creating package script '/home/grant/git/RS2/motion/testmotion/src/install/ros_tcp_endpoint/share/ros_tcp_endpoint/package.zsh'
[0.954s] Level 1:colcon.colcon_core.environment:create_file_with_runtime_dependencies(/home/grant/git/RS2/motion/testmotion/src/install/ros_tcp_endpoint/share/colcon-core/packages/ros_tcp_endpoint)
[0.954s] DEBUG:colcon.colcon_parallel_executor.executor.parallel:closing loop
[0.955s] DEBUG:colcon.colcon_parallel_executor.executor.parallel:loop closed
[0.955s] DEBUG:colcon.colcon_parallel_executor.executor.parallel:run_until_complete finished with '0'
[0.955s] DEBUG:colcon.colcon_core.event_reactor:joining thread
[0.958s] INFO:colcon.colcon_core.plugin_system:Skipping extension 'colcon_notification.desktop_notification.terminal_notifier': Not used on non-Darwin systems
[0.958s] INFO:colcon.colcon_core.plugin_system:Skipping extension 'colcon_notification.desktop_notification.win32': Not used on non-Windows systems
[0.958s] INFO:colcon.colcon_notification.desktop_notification:Sending desktop notification using 'notify2'
[0.965s] DEBUG:colcon.colcon_core.event_reactor:joined thread
[0.965s] INFO:colcon.colcon_core.shell:Creating prefix script '/home/grant/git/RS2/motion/testmotion/src/install/local_setup.ps1'
[0.966s] INFO:colcon.colcon_core.shell:Creating prefix util module '/home/grant/git/RS2/motion/testmotion/src/install/_local_setup_util_ps1.py'
[0.967s] INFO:colcon.colcon_core.shell:Creating prefix chain script '/home/grant/git/RS2/motion/testmotion/src/install/setup.ps1'
[0.968s] INFO:colcon.colcon_core.shell:Creating prefix script '/home/grant/git/RS2/motion/testmotion/src/install/local_setup.sh'
[0.968s] INFO:colcon.colcon_core.shell:Creating prefix util module '/home/grant/git/RS2/motion/testmotion/src/install/_local_setup_util_sh.py'
[0.969s] INFO:colcon.colcon_core.shell:Creating prefix chain script '/home/grant/git/RS2/motion/testmotion/src/install/setup.sh'
[0.970s] INFO:colcon.colcon_core.shell:Creating prefix script '/home/grant/git/RS2/motion/testmotion/src/install/local_setup.bash'
[0.970s] INFO:colcon.colcon_core.shell:Creating prefix chain script '/home/grant/git/RS2/motion/testmotion/src/install/setup.bash'
[0.971s] INFO:colcon.colcon_core.shell:Creating prefix script '/home/grant/git/RS2/motion/testmotion/src/install/local_setup.zsh'
[0.971s] INFO:colcon.colcon_core.shell:Creating prefix chain script '/home/grant/git/RS2/motion/testmotion/src/install/setup.zsh'
