[0.010s] Invoking command in '/home/grant/git/RS2/motion/testmotion/src/build/hello_moveit': CMAKE_PREFIX_PATH=${CMAKE_PREFIX_PATH}:/opt/ros/humble /usr/bin/cmake --build /home/grant/git/RS2/motion/testmotion/src/build/hello_moveit -- -j8 -l8
[0.042s] [35m[1mConsolidate compiler generated dependencies of target hello_moveit[0m
[0.051s] [100%] Built target hello_moveit
[0.203s] Invoked command in '/home/grant/git/RS2/motion/testmotion/src/build/hello_moveit' returned '0': CMAKE_PREFIX_PATH=${CMAKE_PREFIX_PATH}:/opt/ros/humble /usr/bin/cmake --build /home/grant/git/RS2/motion/testmotion/src/build/hello_moveit -- -j8 -l8
[0.210s] Invoking command in '/home/grant/git/RS2/motion/testmotion/src/build/hello_moveit': CMAKE_PREFIX_PATH=${CMAKE_PREFIX_PATH}:/opt/ros/humble /usr/bin/cmake --install /home/grant/git/RS2/motion/testmotion/src/build/hello_moveit
[0.216s] -- Install configuration: ""
[0.216s] -- Up-to-date: /home/grant/git/RS2/motion/testmotion/src/install/hello_moveit/lib/hello_moveit/hello_moveit
[0.216s] -- Up-to-date: /home/grant/git/RS2/motion/testmotion/src/install/hello_moveit/share/ament_index/resource_index/package_run_dependencies/hello_moveit
[0.216s] -- Up-to-date: /home/grant/git/RS2/motion/testmotion/src/install/hello_moveit/share/ament_index/resource_index/parent_prefix_path/hello_moveit
[0.216s] -- Up-to-date: /home/grant/git/RS2/motion/testmotion/src/install/hello_moveit/share/hello_moveit/environment/ament_prefix_path.sh
[0.216s] -- Up-to-date: /home/grant/git/RS2/motion/testmotion/src/install/hello_moveit/share/hello_moveit/environment/ament_prefix_path.dsv
[0.216s] -- Up-to-date: /home/grant/git/RS2/motion/testmotion/src/install/hello_moveit/share/hello_moveit/environment/path.sh
[0.216s] -- Up-to-date: /home/grant/git/RS2/motion/testmotion/src/install/hello_moveit/share/hello_moveit/environment/path.dsv
[0.216s] -- Up-to-date: /home/grant/git/RS2/motion/testmotion/src/install/hello_moveit/share/hello_moveit/local_setup.bash
[0.217s] -- Up-to-date: /home/grant/git/RS2/motion/testmotion/src/install/hello_moveit/share/hello_moveit/local_setup.sh
[0.217s] -- Up-to-date: /home/grant/git/RS2/motion/testmotion/src/install/hello_moveit/share/hello_moveit/local_setup.zsh
[0.217s] -- Up-to-date: /home/grant/git/RS2/motion/testmotion/src/install/hello_moveit/share/hello_moveit/local_setup.dsv
[0.217s] -- Installing: /home/grant/git/RS2/motion/testmotion/src/install/hello_moveit/share/hello_moveit/package.dsv
[0.217s] -- Up-to-date: /home/grant/git/RS2/motion/testmotion/src/install/hello_moveit/share/ament_index/resource_index/packages/hello_moveit
[0.217s] -- Up-to-date: /home/grant/git/RS2/motion/testmotion/src/install/hello_moveit/share/hello_moveit/cmake/hello_moveitConfig.cmake
[0.217s] -- Up-to-date: /home/grant/git/RS2/motion/testmotion/src/install/hello_moveit/share/hello_moveit/cmake/hello_moveitConfig-version.cmake
[0.217s] -- Up-to-date: /home/grant/git/RS2/motion/testmotion/src/install/hello_moveit/share/hello_moveit/package.xml
[0.218s] Invoked command in '/home/grant/git/RS2/motion/testmotion/src/build/hello_moveit' returned '0': CMAKE_PREFIX_PATH=${CMAKE_PREFIX_PATH}:/opt/ros/humble /usr/bin/cmake --install /home/grant/git/RS2/motion/testmotion/src/build/hello_moveit
